#
# A fatal error has been detected by the Java Runtime Environment:
#
#  EXCEPTION_ACCESS_VIOLATION (0xc0000005) at pc=0x0000000052d3b330, pid=3604, tid=3608
#
# JRE version: Java(TM) SE Runtime Environment (8.0_74-b02) (build 1.8.0_74-b02)
# Java VM: Java HotSpot(TM) 64-Bit Server VM (25.74-b02 mixed mode windows-amd64 compressed oops)
# Problematic frame:
# V  [jvm.dll+0x49b330]
#
# Failed to write core dump. Minidumps are not enabled by default on client versions of Windows
#
# If you would like to submit a bug report, please visit:
#   http://bugreport.java.com/bugreport/crash.jsp
#

---------------  T H R E A D  ---------------

Current thread (0x000000001ada6000):  JavaThread "C2 CompilerThread1" daemon [_thread_in_native, id=3608, stack(0x000000001b750000,0x000000001b850000)]

siginfo: ExceptionCode=0xc0000005, reading address 0x00000000430b0d38

Registers:
RAX=0x0000000000000000, RBX=0x0000000024efd510, RCX=0x00000000430b0d38, RDX=0x0000000000000000
RSP=0x000000001b84c240, RBP=0x0000000000000009, RSI=0x0000000000000048, RDI=0x000000001b84c290
R8 =0x0000000024f07b50, R9 =0x000000002522ad40, R10=0x00000000528a0000, R11=0x000000001b84c160
R12=0x00000000530b0d38, R13=0x00000000528a0000, R14=0x000000001aded5a8, R15=0x00000000000003d8
RIP=0x0000000052d3b330, EFLAGS=0x0000000000010246

Top of Stack: (sp=0x000000001b84c240)
0x000000001b84c240:   000000001b84e9e0 0000000024ef0270
0x000000001b84c250:   fffffffffffffff8 0000000019ae3680
0x000000001b84c260:   00000000000033f8 0000000052d363ff
0x000000001b84c270:   0000000024ef13f0 0000000024efd510
0x000000001b84c280:   00000000000033f8 000000001b84c370
0x000000001b84c290:   0000000000000000 0000000000000008
0x000000001b84c2a0:   00000000430b0d38 0000000000000000
0x000000001b84c2b0:   000000001bdce8f0 0000000000000048
0x000000001b84c2c0:   0000000024f07b50 000000001b84c660
0x000000001b84c2d0:   000000001aded1d0 000000001b84c660
0x000000001b84c2e0:   000000001aded1c0 0000000052d02f11
0x000000001b84c2f0:   0000000000000000 000000001b84c3f0
0x000000001b84c300:   0000000000000000 000000000000002c
0x000000001b84c310:   0000000000000002 000000001aded1c0
0x000000001b84c320:   000000002522ffc0 0000000025233930
0x000000001b84c330:   0000000025237fa8 00000000015579d0 

Instructions: (pc=0x0000000052d3b330)
0x0000000052d3b310:   48 8b 4f 20 48 39 04 0e 0f 84 9d 00 00 00 48 8b
0x0000000052d3b320:   0c 0e 33 d2 33 c0 48 89 4f 10 66 0f 1f 44 00 00
0x0000000052d3b330:   83 3c 08 00 0f 85 36 01 00 00 ff c2 48 83 c0 04
0x0000000052d3b340:   83 fa 08 72 eb 48 8b 47 30 48 89 44 24 30 48 85 


Register to memory mapping:

RAX=0x0000000000000000 is an unknown value
RBX=0x0000000024efd510 is an unknown value
RCX=0x00000000430b0d38 is an unknown value
RDX=0x0000000000000000 is an unknown value
RSP=0x000000001b84c240 is pointing into the stack for thread: 0x000000001ada6000
RBP=0x0000000000000009 is an unknown value
RSI=0x0000000000000048 is an unknown value
RDI=0x000000001b84c290 is pointing into the stack for thread: 0x000000001ada6000
R8 =0x0000000024f07b50 is an unknown value
R9 =0x000000002522ad40 is an unknown value
R10=0x00000000528a0000 is an unknown value
R11=0x000000001b84c160 is pointing into the stack for thread: 0x000000001ada6000
R12=0x00000000530b0d38 is an unknown value
R13=0x00000000528a0000 is an unknown value
R14=0x000000001aded5a8 is an unknown value
R15=0x00000000000003d8 is an unknown value


Stack: [0x000000001b750000,0x000000001b850000],  sp=0x000000001b84c240,  free space=1008k
Native frames: (J=compiled Java code, j=interpreted, Vv=VM code, C=native code)
V  [jvm.dll+0x49b330]
V  [jvm.dll+0x4963ff]
V  [jvm.dll+0x462f11]
V  [jvm.dll+0x46dd9b]
V  [jvm.dll+0x4703b2]
V  [jvm.dll+0x453492]
V  [jvm.dll+0xa4ae2]
V  [jvm.dll+0xa541f]
V  [jvm.dll+0x243434]
V  [jvm.dll+0x29a27a]
C  [msvcr100.dll+0x21d9f]
C  [msvcr100.dll+0x21e3b]
C  [kernel32.dll+0x159bd]
C  [ntdll.dll+0x2a2e1]


Current CompileTask:
C2:  12828 8921 %     4       org.springframework.asm.ClassReader::readCode @ 672 (3343 bytes)


---------------  P R O C E S S  ---------------

Java Threads: ( => current thread )
  0x000000001c411000 JavaThread "container-0" [_thread_blocked, id=5740, stack(0x0000000024c00000,0x0000000024d00000)]
  0x000000001ce99000 JavaThread "ContainerBackgroundProcessor[StandardEngine[Tomcat].StandardHost[localhost].StandardContext[]]" daemon [_thread_blocked, id=7500, stack(0x00000000225c0000,0x00000000226c0000)]
  0x000000001dd86800 JavaThread "localhost-startStop-1" daemon [_thread_blocked, id=7312, stack(0x0000000024560000,0x0000000024660000)]
  0x000000002118b800 JavaThread "Tomcat-startStop-1" daemon [_thread_blocked, id=7220, stack(0x0000000022130000,0x0000000022230000)]
  0x000000001faba800 JavaThread "main" [_thread_in_vm, id=7316, stack(0x0000000021de0000,0x0000000021ee0000)]
  0x000000001ae3d800 JavaThread "Service Thread" daemon [_thread_blocked, id=6224, stack(0x000000001b9e0000,0x000000001bae0000)]
  0x000000001adb8000 JavaThread "C1 CompilerThread2" daemon [_thread_blocked, id=6900, stack(0x000000001b4e0000,0x000000001b5e0000)]
=>0x000000001ada6000 JavaThread "C2 CompilerThread1" daemon [_thread_in_native, id=3608, stack(0x000000001b750000,0x000000001b850000)]
  0x000000001ada3800 JavaThread "C2 CompilerThread0" daemon [_thread_in_native, id=6380, stack(0x000000001b5e0000,0x000000001b6e0000)]
  0x000000001ada0800 JavaThread "Attach Listener" daemon [_thread_blocked, id=2824, stack(0x000000001b380000,0x000000001b480000)]
  0x0000000019af7000 JavaThread "Signal Dispatcher" daemon [_thread_blocked, id=7584, stack(0x000000001b210000,0x000000001b310000)]
  0x0000000019add800 JavaThread "Finalizer" daemon [_thread_blocked, id=7872, stack(0x000000001a950000,0x000000001aa50000)]
  0x0000000019a96800 JavaThread "Reference Handler" daemon [_thread_blocked, id=6800, stack(0x000000001aca0000,0x000000001ada0000)]
  0x000000000037f000 JavaThread "main" [_thread_blocked, id=7552, stack(0x00000000024f0000,0x00000000025f0000)]

Other Threads:
  0x0000000019a8b000 VMThread [stack: 0x000000001aa70000,0x000000001ab70000] [id=6324]
  0x000000001ae5c800 WatcherThread [stack: 0x000000001bae0000,0x000000001bbe0000] [id=8084]

VM state:not at safepoint (normal execution)

VM Mutex/Monitor currently owned by a thread: None

Heap:
 PSYoungGen      total 503808K, used 369383K [0x0000000780000000, 0x00000007a4880000, 0x00000007c0000000)
  eden space 453632K, 81% used [0x0000000780000000,0x00000007968b9d08,0x000000079bb00000)
  from space 50176K, 0% used [0x000000079ea80000,0x000000079ea80000,0x00000007a1b80000)
  to   space 48640K, 0% used [0x000000079bb00000,0x000000079bb00000,0x000000079ea80000)
 ParOldGen       total 192512K, used 65875K [0x0000000700000000, 0x000000070bc00000, 0x0000000780000000)
  object space 192512K, 34% used [0x0000000700000000,0x0000000704054df0,0x000000070bc00000)
 Metaspace       used 55793K, capacity 56968K, committed 57256K, reserved 1099776K
  class space    used 6975K, capacity 7310K, committed 7336K, reserved 1048576K

Card table byte_map: [0x0000000011c80000,0x0000000012290000] byte_map_base: 0x000000000e480000

Marking Bits: (ParMarkBitMap*) 0x00000000530b0600
 Begin Bits: [0x0000000012b00000, 0x0000000015b00000)
 End Bits:   [0x0000000015b00000, 0x0000000018b00000)

Polling page: 0x0000000000330000

CodeCache: size=245760Kb used=26478Kb max_used=26478Kb free=219281Kb
 bounds [0x00000000028c0000, 0x00000000042c0000, 0x00000000118c0000]
 total_blobs=8142 nmethods=7654 adapters=400
 compilation: enabled

Compilation events (10 events):
Event: 12.779 Thread 0x000000001adb8000 9153       1       org.springframework.beans.GenericTypeAwarePropertyDescriptor::getReadMethod (5 bytes)
Event: 12.779 Thread 0x000000001adb8000 nmethod 9153 0x00000000042b4f90 code [0x00000000042b50e0, 0x00000000042b51f0]
Event: 12.782 Thread 0x000000001adb8000 9154       2       java.lang.reflect.Executable::getAnnotatedParameterTypes (32 bytes)
Event: 12.782 Thread 0x000000001adb8000 nmethod 9154 0x00000000042b5250 code [0x00000000042b5400, 0x00000000042b56b8]
Event: 12.784 Thread 0x000000001adb8000 9155       2       org.hibernate.validator.internal.metadata.aggregated.ExecutableMetaData$Builder::findParameterMetaData (219 bytes)
Event: 12.785 Thread 0x000000001adb8000 nmethod 9155 0x00000000042b5890 code [0x00000000042b5b60, 0x00000000042b6728]
Event: 12.785 Thread 0x000000001adb8000 9156       2       org.hibernate.validator.internal.metadata.aggregated.PropertyMetaData::hashCode (5 bytes)
Event: 12.785 Thread 0x000000001adb8000 nmethod 9156 0x00000000042b71d0 code [0x00000000042b7340, 0x00000000042b74c8]
Event: 12.786 Thread 0x000000001adb8000 9157       1       org.springframework.beans.factory.support.AbstractBeanFactory::getCustomTypeConverter (5 bytes)
Event: 12.786 Thread 0x000000001adb8000 nmethod 9157 0x00000000042b75d0 code [0x00000000042b7720, 0x00000000042b7830]

GC Heap History (10 events):
Event: 5.507 GC heap before
{Heap before GC invocations=6 (full 1):
 PSYoungGen      total 204800K, used 196608K [0x0000000780000000, 0x000000078d000000, 0x00000007c0000000)
  eden space 196608K, 100% used [0x0000000780000000,0x000000078c000000,0x000000078c000000)
  from space 8192K, 0% used [0x000000078c800000,0x000000078c800000,0x000000078d000000)
  to   space 8192K, 0% used [0x000000078c000000,0x000000078c000000,0x000000078c800000)
 ParOldGen       total 108544K, used 20394K [0x0000000700000000, 0x0000000706a00000, 0x0000000780000000)
  object space 108544K, 18% used [0x0000000700000000,0x00000007013ea808,0x0000000706a00000)
 Metaspace       used 27790K, capacity 28286K, committed 28464K, reserved 1075200K
  class space    used 3475K, capacity 3603K, committed 3632K, reserved 1048576K
Event: 5.538 GC heap after
Heap after GC invocations=6 (full 1):
 PSYoungGen      total 204800K, used 8165K [0x0000000780000000, 0x0000000796700000, 0x00000007c0000000)
  eden space 196608K, 0% used [0x0000000780000000,0x0000000780000000,0x000000078c000000)
  from space 8192K, 99% used [0x000000078c000000,0x000000078c7f9698,0x000000078c800000)
  to   space 42496K, 0% used [0x0000000793d80000,0x0000000793d80000,0x0000000796700000)
 ParOldGen       total 108544K, used 61115K [0x0000000700000000, 0x0000000706a00000, 0x0000000780000000)
  object space 108544K, 56% used [0x0000000700000000,0x0000000703baef08,0x0000000706a00000)
 Metaspace       used 27790K, capacity 28286K, committed 28464K, reserved 1075200K
  class space    used 3475K, capacity 3603K, committed 3632K, reserved 1048576K
}
Event: 6.209 GC heap before
{Heap before GC invocations=7 (full 1):
 PSYoungGen      total 204800K, used 204773K [0x0000000780000000, 0x0000000796700000, 0x00000007c0000000)
  eden space 196608K, 100% used [0x0000000780000000,0x000000078c000000,0x000000078c000000)
  from space 8192K, 99% used [0x000000078c000000,0x000000078c7f9698,0x000000078c800000)
  to   space 42496K, 0% used [0x0000000793d80000,0x0000000793d80000,0x0000000796700000)
 ParOldGen       total 108544K, used 61115K [0x0000000700000000, 0x0000000706a00000, 0x0000000780000000)
  object space 108544K, 56% used [0x0000000700000000,0x0000000703baef08,0x0000000706a00000)
 Metaspace       used 28503K, capacity 29022K, committed 29360K, reserved 1075200K
  class space    used 3485K, capacity 3635K, committed 3760K, reserved 1048576K
Event: 6.248 GC heap after
Heap after GC invocations=7 (full 1):
 PSYoungGen      total 326144K, used 24560K [0x0000000780000000, 0x0000000797780000, 0x00000007c0000000)
  eden space 283648K, 0% used [0x0000000780000000,0x0000000780000000,0x0000000791500000)
  from space 42496K, 57% used [0x0000000793d80000,0x000000079557c000,0x0000000796700000)
  to   space 41472K, 0% used [0x0000000791500000,0x0000000791500000,0x0000000793d80000)
 ParOldGen       total 108544K, used 61115K [0x0000000700000000, 0x0000000706a00000, 0x0000000780000000)
  object space 108544K, 56% used [0x0000000700000000,0x0000000703baef08,0x0000000706a00000)
 Metaspace       used 28503K, capacity 29022K, committed 29360K, reserved 1075200K
  class space    used 3485K, capacity 3635K, committed 3760K, reserved 1048576K
}
Event: 7.369 GC heap before
{Heap before GC invocations=8 (full 1):
 PSYoungGen      total 326144K, used 308208K [0x0000000780000000, 0x0000000797780000, 0x00000007c0000000)
  eden space 283648K, 100% used [0x0000000780000000,0x0000000791500000,0x0000000791500000)
  from space 42496K, 57% used [0x0000000793d80000,0x000000079557c000,0x0000000796700000)
  to   space 41472K, 0% used [0x0000000791500000,0x0000000791500000,0x0000000793d80000)
 ParOldGen       total 108544K, used 61115K [0x0000000700000000, 0x0000000706a00000, 0x0000000780000000)
  object space 108544K, 56% used [0x0000000700000000,0x0000000703baef08,0x0000000706a00000)
 Metaspace       used 31464K, capacity 32174K, committed 32432K, reserved 1077248K
  class space    used 3794K, capacity 3942K, committed 4016K, reserved 1048576K
Event: 7.437 GC heap after
Heap after GC invocations=8 (full 1):
 PSYoungGen      total 325120K, used 41461K [0x0000000780000000, 0x00000007a1b80000, 0x00000007c0000000)
  eden space 283648K, 0% used [0x0000000780000000,0x0000000780000000,0x0000000791500000)
  from space 41472K, 99% used [0x0000000791500000,0x0000000793d7d6a8,0x0000000793d80000)
  to   space 50176K, 0% used [0x000000079ea80000,0x000000079ea80000,0x00000007a1b80000)
 ParOldGen       total 108544K, used 62833K [0x0000000700000000, 0x0000000706a00000, 0x0000000780000000)
  object space 108544K, 57% used [0x0000000700000000,0x0000000703d5c6b0,0x0000000706a00000)
 Metaspace       used 31464K, capacity 32174K, committed 32432K, reserved 1077248K
  class space    used 3794K, capacity 3942K, committed 4016K, reserved 1048576K
}
Event: 8.847 GC heap before
{Heap before GC invocations=9 (full 1):
 PSYoungGen      total 325120K, used 265659K [0x0000000780000000, 0x00000007a1b80000, 0x00000007c0000000)
  eden space 283648K, 79% used [0x0000000780000000,0x000000078daf17c8,0x0000000791500000)
  from space 41472K, 99% used [0x0000000791500000,0x0000000793d7d6a8,0x0000000793d80000)
  to   space 50176K, 0% used [0x000000079ea80000,0x000000079ea80000,0x00000007a1b80000)
 ParOldGen       total 108544K, used 62833K [0x0000000700000000, 0x0000000706a00000, 0x0000000780000000)
  object space 108544K, 57% used [0x0000000700000000,0x0000000703d5c6b0,0x0000000706a00000)
 Metaspace       used 34448K, capacity 35346K, committed 35496K, reserved 1081344K
  class space    used 4198K, capacity 4426K, committed 4520K, reserved 1048576K
Event: 9.212 GC heap after
Heap after GC invocations=9 (full 1):
 PSYoungGen      total 503808K, used 15583K [0x0000000780000000, 0x00000007a4880000, 0x00000007c0000000)
  eden space 453632K, 0% used [0x0000000780000000,0x0000000780000000,0x000000079bb00000)
  from space 50176K, 31% used [0x000000079ea80000,0x000000079f9b7ce8,0x00000007a1b80000)
  to   space 48640K, 0% used [0x000000079bb00000,0x000000079bb00000,0x000000079ea80000)
 ParOldGen       total 108544K, used 62857K [0x0000000700000000, 0x0000000706a00000, 0x0000000780000000)
  object space 108544K, 57% used [0x0000000700000000,0x0000000703d626b0,0x0000000706a00000)
 Metaspace       used 34448K, capacity 35346K, committed 35496K, reserved 1081344K
  class space    used 4198K, capacity 4426K, committed 4520K, reserved 1048576K
}
Event: 9.213 GC heap before
{Heap before GC invocations=10 (full 2):
 PSYoungGen      total 503808K, used 15583K [0x0000000780000000, 0x00000007a4880000, 0x00000007c0000000)
  eden space 453632K, 0% used [0x0000000780000000,0x0000000780000000,0x000000079bb00000)
  from space 50176K, 31% used [0x000000079ea80000,0x000000079f9b7ce8,0x00000007a1b80000)
  to   space 48640K, 0% used [0x000000079bb00000,0x000000079bb00000,0x000000079ea80000)
 ParOldGen       total 108544K, used 62857K [0x0000000700000000, 0x0000000706a00000, 0x0000000780000000)
  object space 108544K, 57% used [0x0000000700000000,0x0000000703d626b0,0x0000000706a00000)
 Metaspace       used 34448K, capacity 35346K, committed 35496K, reserved 1081344K
  class space    used 4198K, capacity 4426K, committed 4520K, reserved 1048576K
Event: 9.340 GC heap after
Heap after GC invocations=10 (full 2):
 PSYoungGen      total 503808K, used 0K [0x0000000780000000, 0x00000007a4880000, 0x00000007c0000000)
  eden space 453632K, 0% used [0x0000000780000000,0x0000000780000000,0x000000079bb00000)
  from space 50176K, 0% used [0x000000079ea80000,0x000000079ea80000,0x00000007a1b80000)
  to   space 48640K, 0% used [0x000000079bb00000,0x000000079bb00000,0x000000079ea80000)
 ParOldGen       total 192512K, used 65875K [0x0000000700000000, 0x000000070bc00000, 0x0000000780000000)
  object space 192512K, 34% used [0x0000000700000000,0x0000000704054df0,0x000000070bc00000)
 Metaspace       used 34448K, capacity 35346K, committed 35496K, reserved 1081344K
  class space    used 4198K, capacity 4426K, committed 4520K, reserved 1048576K
}

Deoptimization events (10 events):
Event: 11.933 Thread 0x000000001dd86800 Uncommon trap: reason=bimorphic action=maybe_recompile pc=0x0000000003343558 method=java.util.WeakHashMap.eq(Ljava/lang/Object;Ljava/lang/Object;)Z @ 7
Event: 11.999 Thread 0x000000001dd86800 Uncommon trap: reason=unstable_if action=reinterpret pc=0x0000000003064ef4 method=java.util.HashMap.putMapEntries(Ljava/util/Map;Z)V @ 53
Event: 12.022 Thread 0x000000001dd86800 Uncommon trap: reason=unstable_if action=reinterpret pc=0x0000000004108d7c method=java.util.concurrent.ConcurrentHashMap.putVal(Ljava/lang/Object;Ljava/lang/Object;Z)Ljava/lang/Object; @ 331
Event: 12.137 Thread 0x000000001dd86800 Uncommon trap: reason=unstable_if action=reinterpret pc=0x000000000419cea8 method=java.util.Properties.load0(Ljava/util/Properties$LineReader;)V @ 161
Event: 12.157 Thread 0x000000001dd86800 Uncommon trap: reason=unstable_if action=reinterpret pc=0x0000000003fced94 method=org.springframework.util.ClassUtils.isAssignable(Ljava/lang/Class;Ljava/lang/Class;)Z @ 17
Event: 12.197 Thread 0x000000001dd86800 Uncommon trap: reason=unstable_if action=reinterpret pc=0x0000000002a44b54 method=org.springframework.beans.factory.support.DefaultSingletonBeanRegistry.getSingleton(Ljava/lang/String;Z)Ljava/lang/Object; @ 47
Event: 12.286 Thread 0x000000001dd86800 Uncommon trap: reason=unstable_if action=reinterpret pc=0x00000000037ce234 method=java.util.concurrent.ConcurrentHashMap.transfer([Ljava/util/concurrent/ConcurrentHashMap$Node;[Ljava/util/concurrent/ConcurrentHashMap$Node;)V @ 356
Event: 12.397 Thread 0x000000001dd86800 Uncommon trap: reason=unstable_if action=reinterpret pc=0x0000000002a423b4 method=java.util.concurrent.ConcurrentHashMap.get(Ljava/lang/Object;)Ljava/lang/Object; @ 86
Event: 12.624 Thread 0x000000001faba800 Uncommon trap: reason=null_check action=maybe_recompile pc=0x0000000003042ce0 method=java.util.regex.Matcher.getTextLength()I @ 4
Event: 12.640 Thread 0x000000001faba800 Uncommon trap: reason=unstable_if action=reinterpret pc=0x0000000003e808e4 method=java.lang.Integer.getChars(II[C)V @ 20

Internal exceptions (10 events):
Event: 12.645 Thread 0x000000001faba800 Exception <a 'java/lang/ClassNotFoundException': java/lang/ObjectCustomizer> (0x0000000795784060) thrown at [C:\re\workspace\8-2-build-windows-amd64-cygwin\jdk8u74\6087\hotspot\src\share\vm\classfile\systemDictionary.cpp, line 210]
Event: 12.645 Thread 0x000000001faba800 Exception <a 'java/lang/ClassNotFoundException': org/apache/tomcat/jdbc/pool/DataSourceProxyCustomizer> (0x000000079579a380) thrown at [C:\re\workspace\8-2-build-windows-amd64-cygwin\jdk8u74\6087\hotspot\src\share\vm\classfile\systemDictionary.cpp, line 21
ﬂH˛K)@
Event: 12.648 Thread 0x000000001faba800 Exception <a 'java/lang/ClassNotFoundException': org/apache/tomcat/jdbc/pool/DataSourceCustomizer> (0x000000079583cd88) thrown at [C:\re\workspace\8-2-build-windows-amd64-cygwin\jdk8u74\6087\hotspot\src\share\vm\classfile\systemDictionary.cpp, line 210]
Event: 12.753 Thread 0x000000001faba800 Exception <a 'java/lang/ClassNotFoundException': java/lang/ObjectCustomizer> (0x000000079620fff8) thrown at [C:\re\workspace\8-2-build-windows-amd64-cygwin\jdk8u74\6087\hotspot\src\share\vm\classfile\systemDictionary.cpp, line 210]
Event: 12.754 Thread 0x000000001faba800 Exception <a 'java/lang/ClassNotFoundException': org/springframework/boot/autoconfigure/jdbc/DataSourceAutoConfiguration$DataSourceInitializerConfigurationCustomizer> (0x00000007962335c0) thrown at [C:\re\workspace\8-2-build-windows-amd64-cygwin\jdk8u74\60'“p1Ç)@
Event: 12.754 Thread 0x000000001faba800 Exception <a 'java/lang/ClassNotFoundException': org/springframework/boot/autoconfigure/jdbc/DataSourceAutoConfiguration$DataSourceInitializerConfiguration$$EnhancerBySpringCGLIB$$68d1406bCustomizer> (0x000000079625c6b8) thrown at [C:\re\workspace\8-2-builÆ7ÛÜ)@
Event: 12.762 Thread 0x000000001faba800 Exception <a 'java/lang/ClassNotFoundException': java/lang/ObjectCustomizer> (0x000000079630aed0) thrown at [C:\re\workspace\8-2-build-windows-amd64-cygwin\jdk8u74\6087\hotspot\src\share\vm\classfile\systemDictionary.cpp, line 210]
Event: 12.762 Thread 0x000000001faba800 Exception <a 'java/lang/ClassNotFoundException': org/springframework/boot/autoconfigure/jdbc/DataSourceInitializerCustomizer> (0x0000000796325e58) thrown at [C:\re\workspace\8-2-build-windows-amd64-cygwin\jdk8u74\6087\hotspot\src\share\vm\classfile\systemD
Event: 12.771 Thread 0x000000001faba800 Exception <a 'java/lang/ClassNotFoundException': java/lang/ObjectCustomizer> (0x0000000796358868) thrown at [C:\re\workspace\8-2-build-windows-amd64-cygwin\jdk8u74\6087\hotspot\src\share\vm\classfile\systemDictionary.cpp, line 210]
Event: 12.771 Thread 0x000000001faba800 Exception <a 'java/lang/ClassNotFoundException': org/springframework/boot/autoconfigure/orm/jpa/JpaPropertiesCustomizer> (0x0000000796371aa0) thrown at [C:\re\workspace\8-2-build-windows-amd64-cygwin\jdk8u74\6087\hotspot\src\share\vm\classfile\systemDictio1ù˝I)@

Events (10 events):
Event: 12.804 loading class org/hibernate/UnknownProfileException
Event: 12.804 loading class org/hibernate/UnknownProfileException done
Event: 12.804 loading class org/hibernate/SessionEventListener
Event: 12.804 loading class org/hibernate/SessionEventListener done
Event: 12.805 loading class org/hibernate/Query
Event: 12.805 loading class org/hibernate/Query done
Event: 12.805 loading class org/hibernate/BasicQueryContract
Event: 12.805 loading class org/hibernate/BasicQueryContract done
Event: 12.806 loading class org/hibernate/FlushMode
Event: 12.806 loading class org/hibernate/FlushMode done


Dynamic libraries:
0x000000013ffd0000 - 0x0000000140007000 	C:\Program Files\Java\jdk1.8.0_74\bin\java.exe
0x0000000077570000 - 0x000000007771a000 	C:\Windows\SYSTEM32\ntdll.dll
0x0000000077450000 - 0x000000007756f000 	C:\Windows\system32\kernel32.dll
0x000007fefd3b0000 - 0x000007fefd41a000 	C:\Windows\system32\KERNELBASE.dll
0x000007fefd7d0000 - 0x000007fefd8ab000 	C:\Windows\system32\ADVAPI32.dll
0x000007fefdfb0000 - 0x000007fefe04f000 	C:\Windows\system32\msvcrt.dll
0x000007fefede0000 - 0x000007fefedff000 	C:\Windows\SYSTEM32\sechost.dll
0x000007fefdbf0000 - 0x000007fefdd1d000 	C:\Windows\system32\RPCRT4.dll
0x0000000077350000 - 0x000000007744a000 	C:\Windows\system32\USER32.dll
0x000007feff810000 - 0x000007feff877000 	C:\Windows\system32\GDI32.dll
0x000007feff1c0000 - 0x000007feff1ce000 	C:\Windows\system32\LPK.dll
0x000007fefee70000 - 0x000007fefef3a000 	C:\Windows\system32\USP10.dll
0x000007fefbd00000 - 0x000007fefbef4000 	C:\Windows\WinSxS\amd64_microsoft.windows.common-controls_6595b64144ccf1df_6.0.7601.18837_none_fa3b1e3d17594757\COMCTL32.dll
0x000007fefd750000 - 0x000007fefd7c1000 	C:\Windows\system32\SHLWAPI.dll
0x000007feff3b0000 - 0x000007feff3de000 	C:\Windows\system32\IMM32.DLL
0x000007fefd8b0000 - 0x000007fefd9b9000 	C:\Windows\system32\MSCTF.dll
0x0000000077990000 - 0x0000000077a62000 	C:\Program Files\Java\jdk1.8.0_74\jre\bin\msvcr100.dll
0x00000000528a0000 - 0x0000000053130000 	C:\Program Files\Java\jdk1.8.0_74\jre\bin\server\jvm.dll
0x000007fef8b10000 - 0x000007fef8b19000 	C:\Windows\system32\WSOCK32.dll
0x000007fefef40000 - 0x000007fefef8d000 	C:\Windows\system32\WS2_32.dll
0x000007fefee60000 - 0x000007fefee68000 	C:\Windows\system32\NSI.dll
0x000007fefae40000 - 0x000007fefae7b000 	C:\Windows\system32\WINMM.dll
0x000007fefc3c0000 - 0x000007fefc3cc000 	C:\Windows\system32\VERSION.dll
0x0000000077740000 - 0x0000000077747000 	C:\Windows\system32\PSAPI.DLL
0x0000000059f70000 - 0x0000000059f7f000 	C:\Program Files\Java\jdk1.8.0_74\jre\bin\verify.dll
0x0000000052790000 - 0x00000000527b9000 	C:\Program Files\Java\jdk1.8.0_74\jre\bin\java.dll
0x0000000052770000 - 0x0000000052786000 	C:\Program Files\Java\jdk1.8.0_74\jre\bin\zip.dll
0x000007fefe050000 - 0x000007fefedda000 	C:\Windows\system32\SHELL32.dll
0x000007fefef90000 - 0x000007feff193000 	C:\Windows\system32\ole32.dll
0x000007fefd300000 - 0x000007fefd30f000 	C:\Windows\system32\profapi.dll
0x0000000060390000 - 0x00000000603aa000 	C:\Program Files\Java\jdk1.8.0_74\jre\bin\net.dll
0x000007fefcad0000 - 0x000007fefcb25000 	C:\Windows\system32\mswsock.dll
0x000007fefcac0000 - 0x000007fefcac7000 	C:\Windows\System32\wship6.dll
0x0000000052750000 - 0x0000000052761000 	C:\Program Files\Java\jdk1.8.0_74\jre\bin\nio.dll
0x000007fefcb30000 - 0x000007fefcb48000 	C:\Windows\system32\CRYPTSP.dll
0x000007fefc830000 - 0x000007fefc877000 	C:\Windows\system32\rsaenh.dll
0x000007fefd500000 - 0x000007fefd51e000 	C:\Windows\system32\USERENV.dll
0x000007fefd190000 - 0x000007fefd19f000 	C:\Windows\system32\CRYPTBASE.dll
0x000007fefa430000 - 0x000007fefa457000 	C:\Windows\system32\IPHLPAPI.DLL
0x000007fefa410000 - 0x000007fefa41b000 	C:\Windows\system32\WINNSI.DLL
0x000007fef98d0000 - 0x000007fef98e1000 	C:\Windows\system32\dhcpcsvc6.DLL
0x000007fef98f0000 - 0x000007fef9908000 	C:\Windows\system32\dhcpcsvc.DLL
0x0000000071c40000 - 0x0000000071c4d000 	C:\Program Files\Java\jdk1.8.0_74\jre\bin\management.dll
0x000007fefae80000 - 0x000007fefae95000 	C:\Windows\system32\NLAapi.dll
0x000007fef6d40000 - 0x000007fef6d55000 	C:\Windows\system32\napinsp.dll
0x000007fef6c60000 - 0x000007fef6c79000 	C:\Windows\system32\pnrpnsp.dll
0x000007fefc950000 - 0x000007fefc9ab000 	C:\Windows\system32\DNSAPI.dll
0x000007fef6a70000 - 0x000007fef6a7b000 	C:\Windows\System32\winrnr.dll
0x000007fefc490000 - 0x000007fefc497000 	C:\Windows\System32\wshtcpip.dll
0x000007fef8040000 - 0x000007fef8048000 	C:\Windows\system32\rasadhlp.dll
0x000007fef9b90000 - 0x000007fef9be3000 	C:\Windows\System32\fwpuclnt.dll
0x000007fef7cf0000 - 0x000007fef7e15000 	C:\Windows\system32\dbghelp.dll

VM Arguments:
jvm_args: -Dclassworlds.conf=C:\Program Files\apache-maven-3.3.9\bin\..\bin\m2.conf -Dmaven.home=C:\Program Files\apache-maven-3.3.9\bin\.. -Dmaven.multiModuleProjectDirectory=C:\Users\Stefan\workspace_meyer\meyershop 
java_command: org.codehaus.plexus.classworlds.launcher.Launcher spring-boot:run
java_class_path (initial): C:\Program Files\apache-maven-3.3.9\bin\..\boot\plexus-classworlds-2.5.2.jar
Launcher Type: SUN_STANDARD

Environment Variables:
JAVA_HOME=C:\Program Files\Java\jdk1.8.0_74
PATH=C:\Windows\system32;C:\Windows;C:\Windows\System32\Wbem;C:\Windows\System32\WindowsPowerShell\v1.0\;C:\Program Files\apache-maven-3.3.9\bin;C:\Program Files\Java\jdk1.8.0_74\bin
USERNAME=Stefan
OS=Windows_NT
PROCESSOR_IDENTIFIER=AMD64 Family 16 Model 4 Stepping 3, AuthenticAMD



---------------  S Y S T E M  ---------------

OS: Windows 7 , 64 bit Build 7601 (6.1.7601.23392)

CPU:total 4 (4 cores per cpu, 1 threads per core) family 16 model 4 stepping 3, cmov, cx8, fxsr, mmx, sse, sse2, sse3, popcnt, mmxext, 3dnowpref, lzcnt, sse4a, tsc, tscinvbit, tscinv

Memory: 4k page, physical 12580376k(6048708k free), swap 25158896k(16999028k free)

vm_info: Java HotSpot(TM) 64-Bit Server VM (25.74-b02) for windows-amd64 JRE (1.8.0_74-b02), built on Jan 29 2016 17:42:36 by "java_re" with MS VC++ 10.0 (VS2010)

time: Fri Apr 15 18:46:45 2016
elapsed time: 12 seconds (0d 0h 0m 12s)

